<?xml version="1.0" encoding="UTF-8"?>
<testsuite xmlns:xsi="http://www.w3.org/2001/XMLSchema-instance" xsi:noNamespaceSchemaLocation="https://maven.apache.org/surefire/maven-surefire-plugin/xsd/surefire-test-report-3.0.xsd" version="3.0" name="org.example.core.CoreApplicationTests" time="6.004" tests="1" errors="0" skipped="0" failures="0">
  <properties>
[...]
</properties>
  <testcase name="contextLoads" classname="org.example.core.CoreApplicationTests" time="0.431">
    <system-out><![CDATA[03:26:11.446 [main] INFO org.springframework.test.context.support.AnnotationConfigContextLoaderUtils -- Could not detect default configuration classes for test class [org.example.core.CoreApplicationTests]: CoreApplicationTests does not declare any static, non-private, non-final, nested classes annotated with @Configuration.
03:26:11.520 [main] INFO org.springframework.boot.test.context.SpringBootTestContextBootstrapper -- Found @SpringBootConfiguration org.example.core.CoreApplication for test class org.example.core.CoreApplicationTests
03:26:11.663 [main] INFO org.springframework.boot.devtools.restart.RestartApplicationListener -- Restart disabled due to context in which it is running

  .   ____          _            __ _ _
 /\\ / ___'_ __ _ _(_)_ __  __ _ \ \ \ \
( ( )\___ | '_ | '_| | '_ \/ _` | \ \ \ \
 \\/  ___)| |_)| | | | | || (_| |  ) ) ) )
  '  |____| .__|_| |_|_| |_\__, | / / / /
 =========|_|==============|___/=/_/_/_/
 :: Spring Boot ::                (v3.2.5)

2025-07-04T03:26:11.869+03:30  INFO 19572 --- [           main] org.example.core.CoreApplicationTests    : Starting CoreApplicationTests using Java 17.0.14 with PID 19572 (started by nima in C:\core\core)
2025-07-04T03:26:11.870+03:30  INFO 19572 --- [           main] org.example.core.CoreApplicationTests    : No active profile set, falling back to 1 default profile: "default"
2025-07-04T03:26:12.489+03:30  INFO 19572 --- [           main] .s.d.r.c.RepositoryConfigurationDelegate : Bootstrapping Spring Data JPA repositories in DEFAULT mode.
2025-07-04T03:26:12.544+03:30  INFO 19572 --- [           main] .s.d.r.c.RepositoryConfigurationDelegate : Finished Spring Data repository scanning in 46 ms. Found 4 JPA repository interfaces.
2025-07-04T03:26:13.043+03:30  INFO 19572 --- [           main] com.zaxxer.hikari.HikariDataSource       : HikariPool-1 - Starting...
2025-07-04T03:26:13.245+03:30  INFO 19572 --- [           main] com.zaxxer.hikari.pool.HikariPool        : HikariPool-1 - Added connection conn0: url=jdbc:h2:mem:testdb user=SA
2025-07-04T03:26:13.247+03:30  INFO 19572 --- [           main] com.zaxxer.hikari.HikariDataSource       : HikariPool-1 - Start completed.
2025-07-04T03:26:13.307+03:30  INFO 19572 --- [           main] o.hibernate.jpa.internal.util.LogHelper  : HHH000204: Processing PersistenceUnitInfo [name: default]
2025-07-04T03:26:13.458+03:30  INFO 19572 --- [           main] org.hibernate.Version                    : HHH000412: Hibernate ORM core version 6.4.4.Final
2025-07-04T03:26:13.531+03:30  INFO 19572 --- [           main] o.h.c.internal.RegionFactoryInitiator    : HHH000026: Second-level cache disabled
2025-07-04T03:26:13.789+03:30  INFO 19572 --- [           main] o.s.o.j.p.SpringPersistenceUnitInfo      : No LoadTimeWeaver setup: ignoring JPA class transformer
2025-07-04T03:26:13.827+03:30  WARN 19572 --- [           main] org.hibernate.orm.deprecation            : HHH90000025: H2Dialect does not need to be specified explicitly using 'hibernate.dialect' (remove the property setting and it will be selected by default)
2025-07-04T03:26:14.443+03:30  INFO 19572 --- [           main] o.h.e.t.j.p.i.JtaPlatformInitiator       : HHH000489: No JTA platform available (set 'hibernate.transaction.jta.platform' to enable JTA platform integration)
2025-07-04T03:26:14.480+03:30  INFO 19572 --- [           main] j.LocalContainerEntityManagerFactoryBean : Initialized JPA EntityManagerFactory for persistence unit 'default'
2025-07-04T03:26:15.450+03:30  WARN 19572 --- [           main] JpaBaseConfiguration$JpaWebConfiguration : spring.jpa.open-in-view is enabled by default. Therefore, database queries may be performed during view rendering. Explicitly configure spring.jpa.open-in-view to disable this warning
2025-07-04T03:26:16.039+03:30  INFO 19572 --- [           main] o.s.s.web.DefaultSecurityFilterChain     : Will secure any request with [org.springframework.security.web.session.DisableEncodeUrlFilter@1f7853af, org.springframework.security.web.context.request.async.WebAsyncManagerIntegrationFilter@2c56e044, org.springframework.security.web.context.SecurityContextHolderFilter@7a90f33d, org.springframework.security.web.header.HeaderWriterFilter@7d48299e, org.springframework.web.filter.CorsFilter@d970881, org.springframework.security.web.authentication.logout.LogoutFilter@62fa4a88, org.springframework.security.oauth2.client.web.OAuth2AuthorizationRequestRedirectFilter@17d25e1d, org.springframework.security.oauth2.client.web.OAuth2LoginAuthenticationFilter@510e0dd2, org.example.core.security.JwtRequestFilter@522f74a1, org.springframework.security.web.authentication.ui.DefaultLoginPageGeneratingFilter@a1be5cb, org.springframework.security.web.authentication.ui.DefaultLogoutPageGeneratingFilter@153cf928, org.springframework.security.web.savedrequest.RequestCacheAwareFilter@2bd8c8f1, org.springframework.security.web.servletapi.SecurityContextHolderAwareRequestFilter@7db63a01, org.springframework.security.web.authentication.AnonymousAuthenticationFilter@4884350b, org.springframework.security.web.session.SessionManagementFilter@174d5cf7, org.springframework.security.web.access.ExceptionTranslationFilter@590ab84, org.springframework.security.web.access.intercept.AuthorizationFilter@7f82a71f]
2025-07-04T03:26:16.283+03:30  WARN 19572 --- [           main] ion$DefaultTemplateResolverConfiguration : Cannot find template location: classpath:/templates/ (please add some templates, check your Thymeleaf configuration, or set spring.thymeleaf.check-template-location=false)
2025-07-04T03:26:16.312+03:30  INFO 19572 --- [           main] o.s.b.a.h2.H2ConsoleAutoConfiguration    : H2 console available at '/h2-console'. Database available at 'jdbc:h2:mem:testdb'
2025-07-04T03:26:16.385+03:30  INFO 19572 --- [           main] org.example.core.CoreApplicationTests    : Started CoreApplicationTests in 4.729 seconds (process running for 6.102)
✅ ایجاد مجوزها و نقش‌های اولیه...
✅ مجوزهای اولیه اضافه شدند.
✅ نقش 'ROLE_ADMIN' اضافه شد.
✅ نقش 'ROLE_USER' اضافه شد.
✅ Creating default admin user...
✅ Default admin user created: admin / admin
✅ ایجاد منوهای اولیه...
✅ منوهای اولیه اضافه شدند.
]]></system-out>
  </testcase>
</testsuite>